<?xml version="1.0" encoding="UTF-8"?>
<!-- Generated by org.testng.reporters.JUnitReportReporter -->
<testsuite hostname="Recep-MacBook-Pro.local" failures="0" tests="1" name="com.otelz.newRoomTest.NewRoomTest" time="20.514" errors="0" timestamp="13 Nis 2019 16:18:20 GMT" skipped="0">
  <testcase classname="com.otelz.newRoomTest.NewRoomTest" name="newRoomTest" time="20.514"/>
</testsuite> <!-- com.otelz.newRoomTest.NewRoomTest -->
